"QUERY PLAN"
"Limit  (cost=41352.63..41352.65 rows=5 width=76) (actual time=84.238..89.437 rows=5 loops=1)"
"  ->  Sort  (cost=41352.63..41352.87 rows=93 width=76) (actual time=84.237..89.436 rows=5 loops=1)"
"        Sort Key: (count(*)) DESC"
"        Sort Method: top-N heapsort  Memory: 25kB"
"        ->  Finalize GroupAggregate  (cost=41315.94..41351.09 rows=93 width=76) (actual time=83.954..89.427 rows=34 loops=1)"
"              Group Key: year"
"              ->  Gather Merge  (cost=41315.94..41346.90 rows=186 width=76) (actual time=83.941..89.346 rows=94 loops=1)"
"                    Workers Planned: 2"
"                    Workers Launched: 2"
"                    ->  Partial GroupAggregate  (cost=40315.92..40325.41 rows=93 width=76) (actual time=58.221..58.357 rows=31 loops=3)"
"                          Group Key: year"
"                          ->  Sort  (cost=40315.92..40317.63 rows=685 width=20) (actual time=58.215..58.260 rows=1115 loops=3)"
"                                Sort Key: year"
"                                Sort Method: quicksort  Memory: 108kB"
"                                Worker 0:  Sort Method: quicksort  Memory: 54kB"
"                                Worker 1:  Sort Method: quicksort  Memory: 90kB"
"                                ->  Parallel Seq Scan on spotify_tracks  (cost=0.00..40283.66 rows=685 width=20) (actual time=0.340..57.947 rows=1115 loops=3)"
"                                      Filter: (explicit AND (energy > '0.8'::double precision) AND (danceability > '0.75'::double precision))"
"                                      Rows Removed by Filter: 399294"
"Planning Time: 0.166 ms"
"Execution Time: 89.501 ms"
